0 info it worked if it ends with ok
1 verbose cli [ '/Users/theogravity/.nvm/versions/node/v4.3.2/bin/node',
1 verbose cli   '/Users/theogravity/.nvm/versions/node/v4.3.2/bin/npm',
1 verbose cli   'run',
1 verbose cli   'dev' ]
2 info using npm@2.14.12
3 info using node@v4.3.2
4 verbose stack Error: missing script: dev
4 verbose stack     at run (/Users/theogravity/.nvm/versions/node/v4.3.2/lib/node_modules/npm/lib/run-script.js:142:19)
4 verbose stack     at /Users/theogravity/.nvm/versions/node/v4.3.2/lib/node_modules/npm/lib/run-script.js:58:5
4 verbose stack     at /Users/theogravity/.nvm/versions/node/v4.3.2/lib/node_modules/npm/node_modules/read-package-json/read-json.js:345:5
4 verbose stack     at handleExists (/Users/theogravity/.nvm/versions/node/v4.3.2/lib/node_modules/npm/node_modules/read-package-json/read-json.js:318:20)
4 verbose stack     at FSReqWrap.cb [as oncomplete] (fs.js:212:19)
5 verbose cwd /Users/theogravity/Documents/react-styleguide-generator-alt
6 error Darwin 15.6.0
7 error argv "/Users/theogravity/.nvm/versions/node/v4.3.2/bin/node" "/Users/theogravity/.nvm/versions/node/v4.3.2/bin/npm" "run" "dev"
8 error node v4.3.2
9 error npm  v2.14.12
10 error missing script: dev
11 error If you need help, you may report this error at:
11 error     <https://github.com/npm/npm/issues>
12 verbose exit [ 1, true ]
